ERROR:root:Error processing link https://universityofadelaide.box.com/v/be-chem-allmajors-S1-2023: Message: no such window: target window already closed
from unknown error: web view not found
  (Session info: chrome=109.0.5414.75)
Stacktrace:
Backtrace:
	(No symbol) [0x01006643]
	(No symbol) [0x00F9BE21]
	(No symbol) [0x00E9DA9D]
	(No symbol) [0x00E7EF6A]
	(No symbol) [0x00EF3AAB]
	(No symbol) [0x00F061B6]
	(No symbol) [0x00EEFB76]
	(No symbol) [0x00EC49C1]
	(No symbol) [0x00EC5E5D]
	GetHandleVerifier [0x0127A142+2497106]
	GetHandleVerifier [0x012A85D3+2686691]
	GetHandleVerifier [0x012ABB9C+2700460]
	GetHandleVerifier [0x010B3B10+635936]
	(No symbol) [0x00FA4A1F]
	(No symbol) [0x00FAA418]
	(No symbol) [0x00FAA505]
	(No symbol) [0x00FB508B]
	BaseThreadInitThunk [0x771C00F9+25]
	RtlGetAppContainerNamedObjectPath [0x77D87BBE+286]
	RtlGetAppContainerNamedObjectPath [0x77D87B8E+238]

ERROR:root:Error processing link https://universityofadelaide.box.com/v/be-civil-bfinbank-S2-2023: Message: no such element: Unable to locate element: {"method":"xpath","selector":"//*[@id="app"]/div[5]/span/div/main/div/div/div[1]/header/div/div/div/button"}
  (Session info: chrome=109.0.5414.75)
Stacktrace:
Backtrace:
	(No symbol) [0x01006643]
	(No symbol) [0x00F9BE21]
	(No symbol) [0x00E9DA9D]
	(No symbol) [0x00ED1342]
	(No symbol) [0x00ED147B]
	(No symbol) [0x00F08DC2]
	(No symbol) [0x00EEFDC4]
	(No symbol) [0x00F06B09]
	(No symbol) [0x00EEFB76]
	(No symbol) [0x00EC49C1]
	(No symbol) [0x00EC5E5D]
	GetHandleVerifier [0x0127A142+2497106]
	GetHandleVerifier [0x012A85D3+2686691]
	GetHandleVerifier [0x012ABB9C+2700460]
	GetHandleVerifier [0x010B3B10+635936]
	(No symbol) [0x00FA4A1F]
	(No symbol) [0x00FAA418]
	(No symbol) [0x00FAA505]
	(No symbol) [0x00FB508B]
	BaseThreadInitThunk [0x771C00F9+25]
	RtlGetAppContainerNamedObjectPath [0x77D87BBE+286]
	RtlGetAppContainerNamedObjectPath [0x77D87B8E+238]

ERROR:root:Error processing link https://universityofadelaide.box.com/v/be-civil-bsci-S2-2023: Message: no such element: Unable to locate element: {"method":"xpath","selector":"//*[@id="app"]/div[5]/span/div/main/div/div/div[1]/header/div/div/div/button"}
  (Session info: chrome=109.0.5414.75)
Stacktrace:
Backtrace:
	(No symbol) [0x01006643]
	(No symbol) [0x00F9BE21]
	(No symbol) [0x00E9DA9D]
	(No symbol) [0x00ED1342]
	(No symbol) [0x00ED147B]
	(No symbol) [0x00F08DC2]
	(No symbol) [0x00EEFDC4]
	(No symbol) [0x00F06B09]
	(No symbol) [0x00EEFB76]
	(No symbol) [0x00EC49C1]
	(No symbol) [0x00EC5E5D]
	GetHandleVerifier [0x0127A142+2497106]
	GetHandleVerifier [0x012A85D3+2686691]
	GetHandleVerifier [0x012ABB9C+2700460]
	GetHandleVerifier [0x010B3B10+635936]
	(No symbol) [0x00FA4A1F]
	(No symbol) [0x00FAA418]
	(No symbol) [0x00FAA505]
	(No symbol) [0x00FB508B]
	BaseThreadInitThunk [0x771C00F9+25]
	RtlGetAppContainerNamedObjectPath [0x77D87BBE+286]
	RtlGetAppContainerNamedObjectPath [0x77D87B8E+238]

ERROR:root:Error processing link https://universityofadelaide.box.com/v/be-elec-bfinbank-S2-2023: Message: no such element: Unable to locate element: {"method":"xpath","selector":"//*[@id="app"]/div[5]/span/div/main/div/div/div[1]/header/div/div/div/button"}
  (Session info: chrome=109.0.5414.75)
Stacktrace:
Backtrace:
	(No symbol) [0x01006643]
	(No symbol) [0x00F9BE21]
	(No symbol) [0x00E9DA9D]
	(No symbol) [0x00ED1342]
	(No symbol) [0x00ED147B]
	(No symbol) [0x00F08DC2]
	(No symbol) [0x00EEFDC4]
	(No symbol) [0x00F06B09]
	(No symbol) [0x00EEFB76]
	(No symbol) [0x00EC49C1]
	(No symbol) [0x00EC5E5D]
	GetHandleVerifier [0x0127A142+2497106]
	GetHandleVerifier [0x012A85D3+2686691]
	GetHandleVerifier [0x012ABB9C+2700460]
	GetHandleVerifier [0x010B3B10+635936]
	(No symbol) [0x00FA4A1F]
	(No symbol) [0x00FAA418]
	(No symbol) [0x00FAA505]
	(No symbol) [0x00FB508B]
	BaseThreadInitThunk [0x771C00F9+25]
	RtlGetAppContainerNamedObjectPath [0x77D87BBE+286]
	RtlGetAppContainerNamedObjectPath [0x77D87B8E+238]

